The system is: Linux - 4.4.50-v7+ - armv7l
Compiling the CXX compiler identification source file "CMakeCXXCompilerId.cpp" succeeded.
Compiler: /usr/bin/c++ 
Build flags: 
Id flags: 

The output was:
0


Compilation of the CXX compiler identification source "CMakeCXXCompilerId.cpp" produced "a.out"

The CXX compiler identification is GNU, found in "/home/pi/mux_dev/gr-tssrc/build/CMakeFiles/3.6.2/CompilerIdCXX/a.out"

Compiling the C compiler identification source file "CMakeCCompilerId.c" succeeded.
Compiler: /usr/bin/cc 
Build flags: 
Id flags: 

The output was:
0


Compilation of the C compiler identification source "CMakeCCompilerId.c" produced "a.out"

The C compiler identification is GNU, found in "/home/pi/mux_dev/gr-tssrc/build/CMakeFiles/3.6.2/CompilerIdC/a.out"

Determining if the CXX compiler works passed with the following output:
Change Dir: /home/pi/mux_dev/gr-tssrc/build/CMakeFiles/CMakeTmp

Run Build Command:"/usr/bin/make" "cmTC_718b5/fast"
/usr/bin/make -f CMakeFiles/cmTC_718b5.dir/build.make CMakeFiles/cmTC_718b5.dir/build
make[1]: Entering directory '/home/pi/mux_dev/gr-tssrc/build/CMakeFiles/CMakeTmp'
Building CXX object CMakeFiles/cmTC_718b5.dir/testCXXCompiler.cxx.o
/usr/bin/c++      -o CMakeFiles/cmTC_718b5.dir/testCXXCompiler.cxx.o -c /home/pi/mux_dev/gr-tssrc/build/CMakeFiles/CMakeTmp/testCXXCompiler.cxx
Linking CXX executable cmTC_718b5
/usr/bin/cmake -E cmake_link_script CMakeFiles/cmTC_718b5.dir/link.txt --verbose=1
/usr/bin/c++        CMakeFiles/cmTC_718b5.dir/testCXXCompiler.cxx.o  -o cmTC_718b5 -rdynamic 
make[1]: Leaving directory '/home/pi/mux_dev/gr-tssrc/build/CMakeFiles/CMakeTmp'


Detecting CXX compiler ABI info compiled with the following output:
Change Dir: /home/pi/mux_dev/gr-tssrc/build/CMakeFiles/CMakeTmp

Run Build Command:"/usr/bin/make" "cmTC_271a7/fast"
/usr/bin/make -f CMakeFiles/cmTC_271a7.dir/build.make CMakeFiles/cmTC_271a7.dir/build
make[1]: Entering directory '/home/pi/mux_dev/gr-tssrc/build/CMakeFiles/CMakeTmp'
Building CXX object CMakeFiles/cmTC_271a7.dir/CMakeCXXCompilerABI.cpp.o
/usr/bin/c++      -o CMakeFiles/cmTC_271a7.dir/CMakeCXXCompilerABI.cpp.o -c /usr/share/cmake-3.6/Modules/CMakeCXXCompilerABI.cpp
Linking CXX executable cmTC_271a7
/usr/bin/cmake -E cmake_link_script CMakeFiles/cmTC_271a7.dir/link.txt --verbose=1
/usr/bin/c++       -v CMakeFiles/cmTC_271a7.dir/CMakeCXXCompilerABI.cpp.o  -o cmTC_271a7 -rdynamic  
Using built-in specs.
COLLECT_GCC=/usr/bin/c++
COLLECT_LTO_WRAPPER=/usr/lib/gcc/arm-linux-gnueabihf/4.9/lto-wrapper
Target: arm-linux-gnueabihf
Configured with: ../src/configure -v --with-pkgversion='Raspbian 4.9.2-10' --with-bugurl=file:///usr/share/doc/gcc-4.9/README.Bugs --enable-languages=c,c++,java,go,d,fortran,objc,obj-c++ --prefix=/usr --program-suffix=-4.9 --enable-shared --enable-linker-build-id --libexecdir=/usr/lib --without-included-gettext --enable-threads=posix --with-gxx-include-dir=/usr/include/c++/4.9 --libdir=/usr/lib --enable-nls --with-sysroot=/ --enable-clocale=gnu --enable-libstdcxx-debug --enable-libstdcxx-time=yes --enable-gnu-unique-object --disable-libitm --disable-libquadmath --enable-plugin --with-system-zlib --disable-browser-plugin --enable-java-awt=gtk --enable-gtk-cairo --with-java-home=/usr/lib/jvm/java-1.5.0-gcj-4.9-armhf/jre --enable-java-home --with-jvm-root-dir=/usr/lib/jvm/java-1.5.0-gcj-4.9-armhf --with-jvm-jar-dir=/usr/lib/jvm-exports/java-1.5.0-gcj-4.9-armhf --with-arch-directory=arm --with-ecj-jar=/usr/share/java/eclipse-ecj.jar --enable-objc-gc --enable-multiarch --disable-sjlj-exceptions --with-arch=armv6 --with-fpu=vfp --with-float=hard --enable-checking=release --build=arm-linux-gnueabihf --host=arm-linux-gnueabihf --target=arm-linux-gnueabihf
Thread model: posix
gcc version 4.9.2 (Raspbian 4.9.2-10) 
COMPILER_PATH=/usr/lib/gcc/arm-linux-gnueabihf/4.9/:/usr/lib/gcc/arm-linux-gnueabihf/4.9/:/usr/lib/gcc/arm-linux-gnueabihf/:/usr/lib/gcc/arm-linux-gnueabihf/4.9/:/usr/lib/gcc/arm-linux-gnueabihf/
LIBRARY_PATH=/usr/lib/gcc/arm-linux-gnueabihf/4.9/:/usr/lib/gcc/arm-linux-gnueabihf/4.9/../../../arm-linux-gnueabihf/:/usr/lib/gcc/arm-linux-gnueabihf/4.9/../../../:/lib/arm-linux-gnueabihf/:/lib/:/usr/lib/arm-linux-gnueabihf/:/usr/lib/
COLLECT_GCC_OPTIONS='-v' '-o' 'cmTC_271a7' '-rdynamic' '-shared-libgcc' '-march=armv6' '-mfloat-abi=hard' '-mfpu=vfp' '-mtls-dialect=gnu'
 /usr/lib/gcc/arm-linux-gnueabihf/4.9/collect2 -plugin /usr/lib/gcc/arm-linux-gnueabihf/4.9/liblto_plugin.so -plugin-opt=/usr/lib/gcc/arm-linux-gnueabihf/4.9/lto-wrapper -plugin-opt=-fresolution=/tmp/cc3F7JQr.res -plugin-opt=-pass-through=-lgcc_s -plugin-opt=-pass-through=-lgcc -plugin-opt=-pass-through=-lc -plugin-opt=-pass-through=-lgcc_s -plugin-opt=-pass-through=-lgcc --sysroot=/ --build-id --eh-frame-hdr -export-dynamic -dynamic-linker /lib/ld-linux-armhf.so.3 -X --hash-style=gnu -m armelf_linux_eabi -o cmTC_271a7 /usr/lib/gcc/arm-linux-gnueabihf/4.9/../../../arm-linux-gnueabihf/crt1.o /usr/lib/gcc/arm-linux-gnueabihf/4.9/../../../arm-linux-gnueabihf/crti.o /usr/lib/gcc/arm-linux-gnueabihf/4.9/crtbegin.o -L/usr/lib/gcc/arm-linux-gnueabihf/4.9 -L/usr/lib/gcc/arm-linux-gnueabihf/4.9/../../../arm-linux-gnueabihf -L/usr/lib/gcc/arm-linux-gnueabihf/4.9/../../.. -L/lib/arm-linux-gnueabihf -L/usr/lib/arm-linux-gnueabihf CMakeFiles/cmTC_271a7.dir/CMakeCXXCompilerABI.cpp.o -lstdc++ -lm -lgcc_s -lgcc -lc -lgcc_s -lgcc /usr/lib/gcc/arm-linux-gnueabihf/4.9/crtend.o /usr/lib/gcc/arm-linux-gnueabihf/4.9/../../../arm-linux-gnueabihf/crtn.o
make[1]: Leaving directory '/home/pi/mux_dev/gr-tssrc/build/CMakeFiles/CMakeTmp'


Parsed CXX implicit link information from above output:
  link line regex: [^( *|.*[/\])(ld|([^/\]+-)?ld|collect2)[^/\]*( |$)]
  ignore line: [Change Dir: /home/pi/mux_dev/gr-tssrc/build/CMakeFiles/CMakeTmp]
  ignore line: []
  ignore line: [Run Build Command:"/usr/bin/make" "cmTC_271a7/fast"]
  ignore line: [/usr/bin/make -f CMakeFiles/cmTC_271a7.dir/build.make CMakeFiles/cmTC_271a7.dir/build]
  ignore line: [make[1]: Entering directory '/home/pi/mux_dev/gr-tssrc/build/CMakeFiles/CMakeTmp']
  ignore line: [Building CXX object CMakeFiles/cmTC_271a7.dir/CMakeCXXCompilerABI.cpp.o]
  ignore line: [/usr/bin/c++      -o CMakeFiles/cmTC_271a7.dir/CMakeCXXCompilerABI.cpp.o -c /usr/share/cmake-3.6/Modules/CMakeCXXCompilerABI.cpp]
  ignore line: [Linking CXX executable cmTC_271a7]
  ignore line: [/usr/bin/cmake -E cmake_link_script CMakeFiles/cmTC_271a7.dir/link.txt --verbose=1]
  ignore line: [/usr/bin/c++       -v CMakeFiles/cmTC_271a7.dir/CMakeCXXCompilerABI.cpp.o  -o cmTC_271a7 -rdynamic  ]
  ignore line: [Using built-in specs.]
  ignore line: [COLLECT_GCC=/usr/bin/c++]
  ignore line: [COLLECT_LTO_WRAPPER=/usr/lib/gcc/arm-linux-gnueabihf/4.9/lto-wrapper]
  ignore line: [Target: arm-linux-gnueabihf]
  ignore line: [Configured with: ../src/configure -v --with-pkgversion='Raspbian 4.9.2-10' --with-bugurl=file:///usr/share/doc/gcc-4.9/README.Bugs --enable-languages=c,c++,java,go,d,fortran,objc,obj-c++ --prefix=/usr --program-suffix=-4.9 --enable-shared --enable-linker-build-id --libexecdir=/usr/lib --without-included-gettext --enable-threads=posix --with-gxx-include-dir=/usr/include/c++/4.9 --libdir=/usr/lib --enable-nls --with-sysroot=/ --enable-clocale=gnu --enable-libstdcxx-debug --enable-libstdcxx-time=yes --enable-gnu-unique-object --disable-libitm --disable-libquadmath --enable-plugin --with-system-zlib --disable-browser-plugin --enable-java-awt=gtk --enable-gtk-cairo --with-java-home=/usr/lib/jvm/java-1.5.0-gcj-4.9-armhf/jre --enable-java-home --with-jvm-root-dir=/usr/lib/jvm/java-1.5.0-gcj-4.9-armhf --with-jvm-jar-dir=/usr/lib/jvm-exports/java-1.5.0-gcj-4.9-armhf --with-arch-directory=arm --with-ecj-jar=/usr/share/java/eclipse-ecj.jar --enable-objc-gc --enable-multiarch --disable-sjlj-exceptions --with-arch=armv6 --with-fpu=vfp --with-float=hard --enable-checking=release --build=arm-linux-gnueabihf --host=arm-linux-gnueabihf --target=arm-linux-gnueabihf]
  ignore line: [Thread model: posix]
  ignore line: [gcc version 4.9.2 (Raspbian 4.9.2-10) ]
  ignore line: [COMPILER_PATH=/usr/lib/gcc/arm-linux-gnueabihf/4.9/:/usr/lib/gcc/arm-linux-gnueabihf/4.9/:/usr/lib/gcc/arm-linux-gnueabihf/:/usr/lib/gcc/arm-linux-gnueabihf/4.9/:/usr/lib/gcc/arm-linux-gnueabihf/]
  ignore line: [LIBRARY_PATH=/usr/lib/gcc/arm-linux-gnueabihf/4.9/:/usr/lib/gcc/arm-linux-gnueabihf/4.9/../../../arm-linux-gnueabihf/:/usr/lib/gcc/arm-linux-gnueabihf/4.9/../../../:/lib/arm-linux-gnueabihf/:/lib/:/usr/lib/arm-linux-gnueabihf/:/usr/lib/]
  ignore line: [COLLECT_GCC_OPTIONS='-v' '-o' 'cmTC_271a7' '-rdynamic' '-shared-libgcc' '-march=armv6' '-mfloat-abi=hard' '-mfpu=vfp' '-mtls-dialect=gnu']
  link line: [ /usr/lib/gcc/arm-linux-gnueabihf/4.9/collect2 -plugin /usr/lib/gcc/arm-linux-gnueabihf/4.9/liblto_plugin.so -plugin-opt=/usr/lib/gcc/arm-linux-gnueabihf/4.9/lto-wrapper -plugin-opt=-fresolution=/tmp/cc3F7JQr.res -plugin-opt=-pass-through=-lgcc_s -plugin-opt=-pass-through=-lgcc -plugin-opt=-pass-through=-lc -plugin-opt=-pass-through=-lgcc_s -plugin-opt=-pass-through=-lgcc --sysroot=/ --build-id --eh-frame-hdr -export-dynamic -dynamic-linker /lib/ld-linux-armhf.so.3 -X --hash-style=gnu -m armelf_linux_eabi -o cmTC_271a7 /usr/lib/gcc/arm-linux-gnueabihf/4.9/../../../arm-linux-gnueabihf/crt1.o /usr/lib/gcc/arm-linux-gnueabihf/4.9/../../../arm-linux-gnueabihf/crti.o /usr/lib/gcc/arm-linux-gnueabihf/4.9/crtbegin.o -L/usr/lib/gcc/arm-linux-gnueabihf/4.9 -L/usr/lib/gcc/arm-linux-gnueabihf/4.9/../../../arm-linux-gnueabihf -L/usr/lib/gcc/arm-linux-gnueabihf/4.9/../../.. -L/lib/arm-linux-gnueabihf -L/usr/lib/arm-linux-gnueabihf CMakeFiles/cmTC_271a7.dir/CMakeCXXCompilerABI.cpp.o -lstdc++ -lm -lgcc_s -lgcc -lc -lgcc_s -lgcc /usr/lib/gcc/arm-linux-gnueabihf/4.9/crtend.o /usr/lib/gcc/arm-linux-gnueabihf/4.9/../../../arm-linux-gnueabihf/crtn.o]
    arg [/usr/lib/gcc/arm-linux-gnueabihf/4.9/collect2] ==> ignore
    arg [-plugin] ==> ignore
    arg [/usr/lib/gcc/arm-linux-gnueabihf/4.9/liblto_plugin.so] ==> ignore
    arg [-plugin-opt=/usr/lib/gcc/arm-linux-gnueabihf/4.9/lto-wrapper] ==> ignore
    arg [-plugin-opt=-fresolution=/tmp/cc3F7JQr.res] ==> ignore
    arg [-plugin-opt=-pass-through=-lgcc_s] ==> ignore
    arg [-plugin-opt=-pass-through=-lgcc] ==> ignore
    arg [-plugin-opt=-pass-through=-lc] ==> ignore
    arg [-plugin-opt=-pass-through=-lgcc_s] ==> ignore
    arg [-plugin-opt=-pass-through=-lgcc] ==> ignore
    arg [--sysroot=/] ==> ignore
    arg [--build-id] ==> ignore
    arg [--eh-frame-hdr] ==> ignore
    arg [-export-dynamic] ==> ignore
    arg [-dynamic-linker] ==> ignore
    arg [/lib/ld-linux-armhf.so.3] ==> ignore
    arg [-X] ==> ignore
    arg [--hash-style=gnu] ==> ignore
    arg [-m] ==> ignore
    arg [armelf_linux_eabi] ==> ignore
    arg [-o] ==> ignore
    arg [cmTC_271a7] ==> ignore
    arg [/usr/lib/gcc/arm-linux-gnueabihf/4.9/../../../arm-linux-gnueabihf/crt1.o] ==> ignore
    arg [/usr/lib/gcc/arm-linux-gnueabihf/4.9/../../../arm-linux-gnueabihf/crti.o] ==> ignore
    arg [/usr/lib/gcc/arm-linux-gnueabihf/4.9/crtbegin.o] ==> ignore
    arg [-L/usr/lib/gcc/arm-linux-gnueabihf/4.9] ==> dir [/usr/lib/gcc/arm-linux-gnueabihf/4.9]
    arg [-L/usr/lib/gcc/arm-linux-gnueabihf/4.9/../../../arm-linux-gnueabihf] ==> dir [/usr/lib/gcc/arm-linux-gnueabihf/4.9/../../../arm-linux-gnueabihf]
    arg [-L/usr/lib/gcc/arm-linux-gnueabihf/4.9/../../..] ==> dir [/usr/lib/gcc/arm-linux-gnueabihf/4.9/../../..]
    arg [-L/lib/arm-linux-gnueabihf] ==> dir [/lib/arm-linux-gnueabihf]
    arg [-L/usr/lib/arm-linux-gnueabihf] ==> dir [/usr/lib/arm-linux-gnueabihf]
    arg [CMakeFiles/cmTC_271a7.dir/CMakeCXXCompilerABI.cpp.o] ==> ignore
    arg [-lstdc++] ==> lib [stdc++]
    arg [-lm] ==> lib [m]
    arg [-lgcc_s] ==> lib [gcc_s]
    arg [-lgcc] ==> lib [gcc]
    arg [-lc] ==> lib [c]
    arg [-lgcc_s] ==> lib [gcc_s]
    arg [-lgcc] ==> lib [gcc]
    arg [/usr/lib/gcc/arm-linux-gnueabihf/4.9/crtend.o] ==> ignore
    arg [/usr/lib/gcc/arm-linux-gnueabihf/4.9/../../../arm-linux-gnueabihf/crtn.o] ==> ignore
  remove lib [gcc_s]
  remove lib [gcc]
  remove lib [gcc_s]
  remove lib [gcc]
  collapse library dir [/usr/lib/gcc/arm-linux-gnueabihf/4.9] ==> [/usr/lib/gcc/arm-linux-gnueabihf/4.9]
  collapse library dir [/usr/lib/gcc/arm-linux-gnueabihf/4.9/../../../arm-linux-gnueabihf] ==> [/usr/lib/arm-linux-gnueabihf]
  collapse library dir [/usr/lib/gcc/arm-linux-gnueabihf/4.9/../../..] ==> [/usr/lib]
  collapse library dir [/lib/arm-linux-gnueabihf] ==> [/lib/arm-linux-gnueabihf]
  collapse library dir [/usr/lib/arm-linux-gnueabihf] ==> [/usr/lib/arm-linux-gnueabihf]
  implicit libs: [stdc++;m;c]
  implicit dirs: [/usr/lib/gcc/arm-linux-gnueabihf/4.9;/usr/lib/arm-linux-gnueabihf;/usr/lib;/lib/arm-linux-gnueabihf]
  implicit fwks: []




Detecting CXX [-std=c++14] compiler features compiled with the following output:
Change Dir: /home/pi/mux_dev/gr-tssrc/build/CMakeFiles/CMakeTmp

Run Build Command:"/usr/bin/make" "cmTC_f234f/fast"
/usr/bin/make -f CMakeFiles/cmTC_f234f.dir/build.make CMakeFiles/cmTC_f234f.dir/build
make[1]: Entering directory '/home/pi/mux_dev/gr-tssrc/build/CMakeFiles/CMakeTmp'
Building CXX object CMakeFiles/cmTC_f234f.dir/feature_tests.cxx.o
/usr/bin/c++     -std=c++14 -o CMakeFiles/cmTC_f234f.dir/feature_tests.cxx.o -c /home/pi/mux_dev/gr-tssrc/build/CMakeFiles/feature_tests.cxx
Linking CXX executable cmTC_f234f
/usr/bin/cmake -E cmake_link_script CMakeFiles/cmTC_f234f.dir/link.txt --verbose=1
/usr/bin/c++        CMakeFiles/cmTC_f234f.dir/feature_tests.cxx.o  -o cmTC_f234f -rdynamic 
make[1]: Leaving directory '/home/pi/mux_dev/gr-tssrc/build/CMakeFiles/CMakeTmp'


    Feature record: CXX_FEATURE:0cxx_aggregate_default_initializers
    Feature record: CXX_FEATURE:1cxx_alias_templates
    Feature record: CXX_FEATURE:1cxx_alignas
    Feature record: CXX_FEATURE:1cxx_alignof
    Feature record: CXX_FEATURE:1cxx_attributes
    Feature record: CXX_FEATURE:1cxx_attribute_deprecated
    Feature record: CXX_FEATURE:1cxx_auto_type
    Feature record: CXX_FEATURE:1cxx_binary_literals
    Feature record: CXX_FEATURE:1cxx_constexpr
    Feature record: CXX_FEATURE:1cxx_contextual_conversions
    Feature record: CXX_FEATURE:1cxx_decltype
    Feature record: CXX_FEATURE:1cxx_decltype_auto
    Feature record: CXX_FEATURE:1cxx_decltype_incomplete_return_types
    Feature record: CXX_FEATURE:1cxx_default_function_template_args
    Feature record: CXX_FEATURE:1cxx_defaulted_functions
    Feature record: CXX_FEATURE:1cxx_defaulted_move_initializers
    Feature record: CXX_FEATURE:1cxx_delegating_constructors
    Feature record: CXX_FEATURE:1cxx_deleted_functions
    Feature record: CXX_FEATURE:1cxx_digit_separators
    Feature record: CXX_FEATURE:1cxx_enum_forward_declarations
    Feature record: CXX_FEATURE:1cxx_explicit_conversions
    Feature record: CXX_FEATURE:1cxx_extended_friend_declarations
    Feature record: CXX_FEATURE:1cxx_extern_templates
    Feature record: CXX_FEATURE:1cxx_final
    Feature record: CXX_FEATURE:1cxx_func_identifier
    Feature record: CXX_FEATURE:1cxx_generalized_initializers
    Feature record: CXX_FEATURE:1cxx_generic_lambdas
    Feature record: CXX_FEATURE:1cxx_inheriting_constructors
    Feature record: CXX_FEATURE:1cxx_inline_namespaces
    Feature record: CXX_FEATURE:1cxx_lambdas
    Feature record: CXX_FEATURE:1cxx_lambda_init_captures
    Feature record: CXX_FEATURE:1cxx_local_type_template_args
    Feature record: CXX_FEATURE:1cxx_long_long_type
    Feature record: CXX_FEATURE:1cxx_noexcept
    Feature record: CXX_FEATURE:1cxx_nonstatic_member_init
    Feature record: CXX_FEATURE:1cxx_nullptr
    Feature record: CXX_FEATURE:1cxx_override
    Feature record: CXX_FEATURE:1cxx_range_for
    Feature record: CXX_FEATURE:1cxx_raw_string_literals
    Feature record: CXX_FEATURE:1cxx_reference_qualified_functions
    Feature record: CXX_FEATURE:0cxx_relaxed_constexpr
    Feature record: CXX_FEATURE:1cxx_return_type_deduction
    Feature record: CXX_FEATURE:1cxx_right_angle_brackets
    Feature record: CXX_FEATURE:1cxx_rvalue_references
    Feature record: CXX_FEATURE:1cxx_sizeof_member
    Feature record: CXX_FEATURE:1cxx_static_assert
    Feature record: CXX_FEATURE:1cxx_strong_enums
    Feature record: CXX_FEATURE:1cxx_template_template_parameters
    Feature record: CXX_FEATURE:1cxx_thread_local
    Feature record: CXX_FEATURE:1cxx_trailing_return_types
    Feature record: CXX_FEATURE:1cxx_unicode_literals
    Feature record: CXX_FEATURE:1cxx_uniform_initialization
    Feature record: CXX_FEATURE:1cxx_unrestricted_unions
    Feature record: CXX_FEATURE:1cxx_user_literals
    Feature record: CXX_FEATURE:0cxx_variable_templates
    Feature record: CXX_FEATURE:1cxx_variadic_macros
    Feature record: CXX_FEATURE:1cxx_variadic_templates


Detecting CXX [-std=c++11] compiler features compiled with the following output:
Change Dir: /home/pi/mux_dev/gr-tssrc/build/CMakeFiles/CMakeTmp

Run Build Command:"/usr/bin/make" "cmTC_0be6c/fast"
/usr/bin/make -f CMakeFiles/cmTC_0be6c.dir/build.make CMakeFiles/cmTC_0be6c.dir/build
make[1]: Entering directory '/home/pi/mux_dev/gr-tssrc/build/CMakeFiles/CMakeTmp'
Building CXX object CMakeFiles/cmTC_0be6c.dir/feature_tests.cxx.o
/usr/bin/c++     -std=c++11 -o CMakeFiles/cmTC_0be6c.dir/feature_tests.cxx.o -c /home/pi/mux_dev/gr-tssrc/build/CMakeFiles/feature_tests.cxx
Linking CXX executable cmTC_0be6c
/usr/bin/cmake -E cmake_link_script CMakeFiles/cmTC_0be6c.dir/link.txt --verbose=1
/usr/bin/c++        CMakeFiles/cmTC_0be6c.dir/feature_tests.cxx.o  -o cmTC_0be6c -rdynamic 
make[1]: Leaving directory '/home/pi/mux_dev/gr-tssrc/build/CMakeFiles/CMakeTmp'


    Feature record: CXX_FEATURE:0cxx_aggregate_default_initializers
    Feature record: CXX_FEATURE:1cxx_alias_templates
    Feature record: CXX_FEATURE:1cxx_alignas
    Feature record: CXX_FEATURE:1cxx_alignof
    Feature record: CXX_FEATURE:1cxx_attributes
    Feature record: CXX_FEATURE:0cxx_attribute_deprecated
    Feature record: CXX_FEATURE:1cxx_auto_type
    Feature record: CXX_FEATURE:0cxx_binary_literals
    Feature record: CXX_FEATURE:1cxx_constexpr
    Feature record: CXX_FEATURE:0cxx_contextual_conversions
    Feature record: CXX_FEATURE:1cxx_decltype
    Feature record: CXX_FEATURE:0cxx_decltype_auto
    Feature record: CXX_FEATURE:1cxx_decltype_incomplete_return_types
    Feature record: CXX_FEATURE:1cxx_default_function_template_args
    Feature record: CXX_FEATURE:1cxx_defaulted_functions
    Feature record: CXX_FEATURE:1cxx_defaulted_move_initializers
    Feature record: CXX_FEATURE:1cxx_delegating_constructors
    Feature record: CXX_FEATURE:1cxx_deleted_functions
    Feature record: CXX_FEATURE:0cxx_digit_separators
    Feature record: CXX_FEATURE:1cxx_enum_forward_declarations
    Feature record: CXX_FEATURE:1cxx_explicit_conversions
    Feature record: CXX_FEATURE:1cxx_extended_friend_declarations
    Feature record: CXX_FEATURE:1cxx_extern_templates
    Feature record: CXX_FEATURE:1cxx_final
    Feature record: CXX_FEATURE:1cxx_func_identifier
    Feature record: CXX_FEATURE:1cxx_generalized_initializers
    Feature record: CXX_FEATURE:0cxx_generic_lambdas
    Feature record: CXX_FEATURE:1cxx_inheriting_constructors
    Feature record: CXX_FEATURE:1cxx_inline_namespaces
    Feature record: CXX_FEATURE:1cxx_lambdas
    Feature record: CXX_FEATURE:0cxx_lambda_init_captures
    Feature record: CXX_FEATURE:1cxx_local_type_template_args
    Feature record: CXX_FEATURE:1cxx_long_long_type
    Feature record: CXX_FEATURE:1cxx_noexcept
    Feature record: CXX_FEATURE:1cxx_nonstatic_member_init
    Feature record: CXX_FEATURE:1cxx_nullptr
    Feature record: CXX_FEATURE:1cxx_override
    Feature record: CXX_FEATURE:1cxx_range_for
    Feature record: CXX_FEATURE:1cxx_raw_string_literals
    Feature record: CXX_FEATURE:1cxx_reference_qualified_functions
    Feature record: CXX_FEATURE:0cxx_relaxed_constexpr
    Feature record: CXX_FEATURE:0cxx_return_type_deduction
    Feature record: CXX_FEATURE:1cxx_right_angle_brackets
    Feature record: CXX_FEATURE:1cxx_rvalue_references
    Feature record: CXX_FEATURE:1cxx_sizeof_member
    Feature record: CXX_FEATURE:1cxx_static_assert
    Feature record: CXX_FEATURE:1cxx_strong_enums
    Feature record: CXX_FEATURE:1cxx_template_template_parameters
    Feature record: CXX_FEATURE:1cxx_thread_local
    Feature record: CXX_FEATURE:1cxx_trailing_return_types
    Feature record: CXX_FEATURE:1cxx_unicode_literals
    Feature record: CXX_FEATURE:1cxx_uniform_initialization
    Feature record: CXX_FEATURE:1cxx_unrestricted_unions
    Feature record: CXX_FEATURE:1cxx_user_literals
    Feature record: CXX_FEATURE:0cxx_variable_templates
    Feature record: CXX_FEATURE:1cxx_variadic_macros
    Feature record: CXX_FEATURE:1cxx_variadic_templates


Detecting CXX [-std=c++98] compiler features compiled with the following output:
Change Dir: /home/pi/mux_dev/gr-tssrc/build/CMakeFiles/CMakeTmp

Run Build Command:"/usr/bin/make" "cmTC_7a6ec/fast"
/usr/bin/make -f CMakeFiles/cmTC_7a6ec.dir/build.make CMakeFiles/cmTC_7a6ec.dir/build
make[1]: Entering directory '/home/pi/mux_dev/gr-tssrc/build/CMakeFiles/CMakeTmp'
Building CXX object CMakeFiles/cmTC_7a6ec.dir/feature_tests.cxx.o
/usr/bin/c++     -std=c++98 -o CMakeFiles/cmTC_7a6ec.dir/feature_tests.cxx.o -c /home/pi/mux_dev/gr-tssrc/build/CMakeFiles/feature_tests.cxx
Linking CXX executable cmTC_7a6ec
/usr/bin/cmake -E cmake_link_script CMakeFiles/cmTC_7a6ec.dir/link.txt --verbose=1
/usr/bin/c++        CMakeFiles/cmTC_7a6ec.dir/feature_tests.cxx.o  -o cmTC_7a6ec -rdynamic 
make[1]: Leaving directory '/home/pi/mux_dev/gr-tssrc/build/CMakeFiles/CMakeTmp'


    Feature record: CXX_FEATURE:0cxx_aggregate_default_initializers
    Feature record: CXX_FEATURE:0cxx_alias_templates
    Feature record: CXX_FEATURE:0cxx_alignas
    Feature record: CXX_FEATURE:0cxx_alignof
    Feature record: CXX_FEATURE:0cxx_attributes
    Feature record: CXX_FEATURE:0cxx_attribute_deprecated
    Feature record: CXX_FEATURE:0cxx_auto_type
    Feature record: CXX_FEATURE:0cxx_binary_literals
    Feature record: CXX_FEATURE:0cxx_constexpr
    Feature record: CXX_FEATURE:0cxx_contextual_conversions
    Feature record: CXX_FEATURE:0cxx_decltype
    Feature record: CXX_FEATURE:0cxx_decltype_auto
    Feature record: CXX_FEATURE:0cxx_decltype_incomplete_return_types
    Feature record: CXX_FEATURE:0cxx_default_function_template_args
    Feature record: CXX_FEATURE:0cxx_defaulted_functions
    Feature record: CXX_FEATURE:0cxx_defaulted_move_initializers
    Feature record: CXX_FEATURE:0cxx_delegating_constructors
    Feature record: CXX_FEATURE:0cxx_deleted_functions
    Feature record: CXX_FEATURE:0cxx_digit_separators
    Feature record: CXX_FEATURE:0cxx_enum_forward_declarations
    Feature record: CXX_FEATURE:0cxx_explicit_conversions
    Feature record: CXX_FEATURE:0cxx_extended_friend_declarations
    Feature record: CXX_FEATURE:0cxx_extern_templates
    Feature record: CXX_FEATURE:0cxx_final
    Feature record: CXX_FEATURE:0cxx_func_identifier
    Feature record: CXX_FEATURE:0cxx_generalized_initializers
    Feature record: CXX_FEATURE:0cxx_generic_lambdas
    Feature record: CXX_FEATURE:0cxx_inheriting_constructors
    Feature record: CXX_FEATURE:0cxx_inline_namespaces
    Feature record: CXX_FEATURE:0cxx_lambdas
    Feature record: CXX_FEATURE:0cxx_lambda_init_captures
    Feature record: CXX_FEATURE:0cxx_local_type_template_args
    Feature record: CXX_FEATURE:0cxx_long_long_type
    Feature record: CXX_FEATURE:0cxx_noexcept
    Feature record: CXX_FEATURE:0cxx_nonstatic_member_init
    Feature record: CXX_FEATURE:0cxx_nullptr
    Feature record: CXX_FEATURE:0cxx_override
    Feature record: CXX_FEATURE:0cxx_range_for
    Feature record: CXX_FEATURE:0cxx_raw_string_literals
    Feature record: CXX_FEATURE:0cxx_reference_qualified_functions
    Feature record: CXX_FEATURE:0cxx_relaxed_constexpr
    Feature record: CXX_FEATURE:0cxx_return_type_deduction
    Feature record: CXX_FEATURE:0cxx_right_angle_brackets
    Feature record: CXX_FEATURE:0cxx_rvalue_references
    Feature record: CXX_FEATURE:0cxx_sizeof_member
    Feature record: CXX_FEATURE:0cxx_static_assert
    Feature record: CXX_FEATURE:0cxx_strong_enums
    Feature record: CXX_FEATURE:1cxx_template_template_parameters
    Feature record: CXX_FEATURE:0cxx_thread_local
    Feature record: CXX_FEATURE:0cxx_trailing_return_types
    Feature record: CXX_FEATURE:0cxx_unicode_literals
    Feature record: CXX_FEATURE:0cxx_uniform_initialization
    Feature record: CXX_FEATURE:0cxx_unrestricted_unions
    Feature record: CXX_FEATURE:0cxx_user_literals
    Feature record: CXX_FEATURE:0cxx_variable_templates
    Feature record: CXX_FEATURE:0cxx_variadic_macros
    Feature record: CXX_FEATURE:0cxx_variadic_templates
Determining if the C compiler works passed with the following output:
Change Dir: /home/pi/mux_dev/gr-tssrc/build/CMakeFiles/CMakeTmp

Run Build Command:"/usr/bin/make" "cmTC_6b08c/fast"
/usr/bin/make -f CMakeFiles/cmTC_6b08c.dir/build.make CMakeFiles/cmTC_6b08c.dir/build
make[1]: Entering directory '/home/pi/mux_dev/gr-tssrc/build/CMakeFiles/CMakeTmp'
Building C object CMakeFiles/cmTC_6b08c.dir/testCCompiler.c.o
/usr/bin/cc     -o CMakeFiles/cmTC_6b08c.dir/testCCompiler.c.o   -c /home/pi/mux_dev/gr-tssrc/build/CMakeFiles/CMakeTmp/testCCompiler.c
Linking C executable cmTC_6b08c
/usr/bin/cmake -E cmake_link_script CMakeFiles/cmTC_6b08c.dir/link.txt --verbose=1
/usr/bin/cc       CMakeFiles/cmTC_6b08c.dir/testCCompiler.c.o  -o cmTC_6b08c -rdynamic 
make[1]: Leaving directory '/home/pi/mux_dev/gr-tssrc/build/CMakeFiles/CMakeTmp'


Detecting C compiler ABI info compiled with the following output:
Change Dir: /home/pi/mux_dev/gr-tssrc/build/CMakeFiles/CMakeTmp

Run Build Command:"/usr/bin/make" "cmTC_07e25/fast"
/usr/bin/make -f CMakeFiles/cmTC_07e25.dir/build.make CMakeFiles/cmTC_07e25.dir/build
make[1]: Entering directory '/home/pi/mux_dev/gr-tssrc/build/CMakeFiles/CMakeTmp'
Building C object CMakeFiles/cmTC_07e25.dir/CMakeCCompilerABI.c.o
/usr/bin/cc     -o CMakeFiles/cmTC_07e25.dir/CMakeCCompilerABI.c.o   -c /usr/share/cmake-3.6/Modules/CMakeCCompilerABI.c
Linking C executable cmTC_07e25
/usr/bin/cmake -E cmake_link_script CMakeFiles/cmTC_07e25.dir/link.txt --verbose=1
/usr/bin/cc      -v CMakeFiles/cmTC_07e25.dir/CMakeCCompilerABI.c.o  -o cmTC_07e25 -rdynamic  
Using built-in specs.
COLLECT_GCC=/usr/bin/cc
COLLECT_LTO_WRAPPER=/usr/lib/gcc/arm-linux-gnueabihf/4.9/lto-wrapper
Target: arm-linux-gnueabihf
Configured with: ../src/configure -v --with-pkgversion='Raspbian 4.9.2-10' --with-bugurl=file:///usr/share/doc/gcc-4.9/README.Bugs --enable-languages=c,c++,java,go,d,fortran,objc,obj-c++ --prefix=/usr --program-suffix=-4.9 --enable-shared --enable-linker-build-id --libexecdir=/usr/lib --without-included-gettext --enable-threads=posix --with-gxx-include-dir=/usr/include/c++/4.9 --libdir=/usr/lib --enable-nls --with-sysroot=/ --enable-clocale=gnu --enable-libstdcxx-debug --enable-libstdcxx-time=yes --enable-gnu-unique-object --disable-libitm --disable-libquadmath --enable-plugin --with-system-zlib --disable-browser-plugin --enable-java-awt=gtk --enable-gtk-cairo --with-java-home=/usr/lib/jvm/java-1.5.0-gcj-4.9-armhf/jre --enable-java-home --with-jvm-root-dir=/usr/lib/jvm/java-1.5.0-gcj-4.9-armhf --with-jvm-jar-dir=/usr/lib/jvm-exports/java-1.5.0-gcj-4.9-armhf --with-arch-directory=arm --with-ecj-jar=/usr/share/java/eclipse-ecj.jar --enable-objc-gc --enable-multiarch --disable-sjlj-exceptions --with-arch=armv6 --with-fpu=vfp --with-float=hard --enable-checking=release --build=arm-linux-gnueabihf --host=arm-linux-gnueabihf --target=arm-linux-gnueabihf
Thread model: posix
gcc version 4.9.2 (Raspbian 4.9.2-10) 
COMPILER_PATH=/usr/lib/gcc/arm-linux-gnueabihf/4.9/:/usr/lib/gcc/arm-linux-gnueabihf/4.9/:/usr/lib/gcc/arm-linux-gnueabihf/:/usr/lib/gcc/arm-linux-gnueabihf/4.9/:/usr/lib/gcc/arm-linux-gnueabihf/
LIBRARY_PATH=/usr/lib/gcc/arm-linux-gnueabihf/4.9/:/usr/lib/gcc/arm-linux-gnueabihf/4.9/../../../arm-linux-gnueabihf/:/usr/lib/gcc/arm-linux-gnueabihf/4.9/../../../:/lib/arm-linux-gnueabihf/:/lib/:/usr/lib/arm-linux-gnueabihf/:/usr/lib/
COLLECT_GCC_OPTIONS='-v' '-o' 'cmTC_07e25' '-rdynamic' '-march=armv6' '-mfloat-abi=hard' '-mfpu=vfp' '-mtls-dialect=gnu'
 /usr/lib/gcc/arm-linux-gnueabihf/4.9/collect2 -plugin /usr/lib/gcc/arm-linux-gnueabihf/4.9/liblto_plugin.so -plugin-opt=/usr/lib/gcc/arm-linux-gnueabihf/4.9/lto-wrapper -plugin-opt=-fresolution=/tmp/ccIJsu11.res -plugin-opt=-pass-through=-lgcc -plugin-opt=-pass-through=-lgcc_s -plugin-opt=-pass-through=-lc -plugin-opt=-pass-through=-lgcc -plugin-opt=-pass-through=-lgcc_s --sysroot=/ --build-id --eh-frame-hdr -export-dynamic -dynamic-linker /lib/ld-linux-armhf.so.3 -X --hash-style=gnu -m armelf_linux_eabi -o cmTC_07e25 /usr/lib/gcc/arm-linux-gnueabihf/4.9/../../../arm-linux-gnueabihf/crt1.o /usr/lib/gcc/arm-linux-gnueabihf/4.9/../../../arm-linux-gnueabihf/crti.o /usr/lib/gcc/arm-linux-gnueabihf/4.9/crtbegin.o -L/usr/lib/gcc/arm-linux-gnueabihf/4.9 -L/usr/lib/gcc/arm-linux-gnueabihf/4.9/../../../arm-linux-gnueabihf -L/usr/lib/gcc/arm-linux-gnueabihf/4.9/../../.. -L/lib/arm-linux-gnueabihf -L/usr/lib/arm-linux-gnueabihf CMakeFiles/cmTC_07e25.dir/CMakeCCompilerABI.c.o -lgcc --as-needed -lgcc_s --no-as-needed -lc -lgcc --as-needed -lgcc_s --no-as-needed /usr/lib/gcc/arm-linux-gnueabihf/4.9/crtend.o /usr/lib/gcc/arm-linux-gnueabihf/4.9/../../../arm-linux-gnueabihf/crtn.o
make[1]: Leaving directory '/home/pi/mux_dev/gr-tssrc/build/CMakeFiles/CMakeTmp'


Parsed C implicit link information from above output:
  link line regex: [^( *|.*[/\])(ld|([^/\]+-)?ld|collect2)[^/\]*( |$)]
  ignore line: [Change Dir: /home/pi/mux_dev/gr-tssrc/build/CMakeFiles/CMakeTmp]
  ignore line: []
  ignore line: [Run Build Command:"/usr/bin/make" "cmTC_07e25/fast"]
  ignore line: [/usr/bin/make -f CMakeFiles/cmTC_07e25.dir/build.make CMakeFiles/cmTC_07e25.dir/build]
  ignore line: [make[1]: Entering directory '/home/pi/mux_dev/gr-tssrc/build/CMakeFiles/CMakeTmp']
  ignore line: [Building C object CMakeFiles/cmTC_07e25.dir/CMakeCCompilerABI.c.o]
  ignore line: [/usr/bin/cc     -o CMakeFiles/cmTC_07e25.dir/CMakeCCompilerABI.c.o   -c /usr/share/cmake-3.6/Modules/CMakeCCompilerABI.c]
  ignore line: [Linking C executable cmTC_07e25]
  ignore line: [/usr/bin/cmake -E cmake_link_script CMakeFiles/cmTC_07e25.dir/link.txt --verbose=1]
  ignore line: [/usr/bin/cc      -v CMakeFiles/cmTC_07e25.dir/CMakeCCompilerABI.c.o  -o cmTC_07e25 -rdynamic  ]
  ignore line: [Using built-in specs.]
  ignore line: [COLLECT_GCC=/usr/bin/cc]
  ignore line: [COLLECT_LTO_WRAPPER=/usr/lib/gcc/arm-linux-gnueabihf/4.9/lto-wrapper]
  ignore line: [Target: arm-linux-gnueabihf]
  ignore line: [Configured with: ../src/configure -v --with-pkgversion='Raspbian 4.9.2-10' --with-bugurl=file:///usr/share/doc/gcc-4.9/README.Bugs --enable-languages=c,c++,java,go,d,fortran,objc,obj-c++ --prefix=/usr --program-suffix=-4.9 --enable-shared --enable-linker-build-id --libexecdir=/usr/lib --without-included-gettext --enable-threads=posix --with-gxx-include-dir=/usr/include/c++/4.9 --libdir=/usr/lib --enable-nls --with-sysroot=/ --enable-clocale=gnu --enable-libstdcxx-debug --enable-libstdcxx-time=yes --enable-gnu-unique-object --disable-libitm --disable-libquadmath --enable-plugin --with-system-zlib --disable-browser-plugin --enable-java-awt=gtk --enable-gtk-cairo --with-java-home=/usr/lib/jvm/java-1.5.0-gcj-4.9-armhf/jre --enable-java-home --with-jvm-root-dir=/usr/lib/jvm/java-1.5.0-gcj-4.9-armhf --with-jvm-jar-dir=/usr/lib/jvm-exports/java-1.5.0-gcj-4.9-armhf --with-arch-directory=arm --with-ecj-jar=/usr/share/java/eclipse-ecj.jar --enable-objc-gc --enable-multiarch --disable-sjlj-exceptions --with-arch=armv6 --with-fpu=vfp --with-float=hard --enable-checking=release --build=arm-linux-gnueabihf --host=arm-linux-gnueabihf --target=arm-linux-gnueabihf]
  ignore line: [Thread model: posix]
  ignore line: [gcc version 4.9.2 (Raspbian 4.9.2-10) ]
  ignore line: [COMPILER_PATH=/usr/lib/gcc/arm-linux-gnueabihf/4.9/:/usr/lib/gcc/arm-linux-gnueabihf/4.9/:/usr/lib/gcc/arm-linux-gnueabihf/:/usr/lib/gcc/arm-linux-gnueabihf/4.9/:/usr/lib/gcc/arm-linux-gnueabihf/]
  ignore line: [LIBRARY_PATH=/usr/lib/gcc/arm-linux-gnueabihf/4.9/:/usr/lib/gcc/arm-linux-gnueabihf/4.9/../../../arm-linux-gnueabihf/:/usr/lib/gcc/arm-linux-gnueabihf/4.9/../../../:/lib/arm-linux-gnueabihf/:/lib/:/usr/lib/arm-linux-gnueabihf/:/usr/lib/]
  ignore line: [COLLECT_GCC_OPTIONS='-v' '-o' 'cmTC_07e25' '-rdynamic' '-march=armv6' '-mfloat-abi=hard' '-mfpu=vfp' '-mtls-dialect=gnu']
  link line: [ /usr/lib/gcc/arm-linux-gnueabihf/4.9/collect2 -plugin /usr/lib/gcc/arm-linux-gnueabihf/4.9/liblto_plugin.so -plugin-opt=/usr/lib/gcc/arm-linux-gnueabihf/4.9/lto-wrapper -plugin-opt=-fresolution=/tmp/ccIJsu11.res -plugin-opt=-pass-through=-lgcc -plugin-opt=-pass-through=-lgcc_s -plugin-opt=-pass-through=-lc -plugin-opt=-pass-through=-lgcc -plugin-opt=-pass-through=-lgcc_s --sysroot=/ --build-id --eh-frame-hdr -export-dynamic -dynamic-linker /lib/ld-linux-armhf.so.3 -X --hash-style=gnu -m armelf_linux_eabi -o cmTC_07e25 /usr/lib/gcc/arm-linux-gnueabihf/4.9/../../../arm-linux-gnueabihf/crt1.o /usr/lib/gcc/arm-linux-gnueabihf/4.9/../../../arm-linux-gnueabihf/crti.o /usr/lib/gcc/arm-linux-gnueabihf/4.9/crtbegin.o -L/usr/lib/gcc/arm-linux-gnueabihf/4.9 -L/usr/lib/gcc/arm-linux-gnueabihf/4.9/../../../arm-linux-gnueabihf -L/usr/lib/gcc/arm-linux-gnueabihf/4.9/../../.. -L/lib/arm-linux-gnueabihf -L/usr/lib/arm-linux-gnueabihf CMakeFiles/cmTC_07e25.dir/CMakeCCompilerABI.c.o -lgcc --as-needed -lgcc_s --no-as-needed -lc -lgcc --as-needed -lgcc_s --no-as-needed /usr/lib/gcc/arm-linux-gnueabihf/4.9/crtend.o /usr/lib/gcc/arm-linux-gnueabihf/4.9/../../../arm-linux-gnueabihf/crtn.o]
    arg [/usr/lib/gcc/arm-linux-gnueabihf/4.9/collect2] ==> ignore
    arg [-plugin] ==> ignore
    arg [/usr/lib/gcc/arm-linux-gnueabihf/4.9/liblto_plugin.so] ==> ignore
    arg [-plugin-opt=/usr/lib/gcc/arm-linux-gnueabihf/4.9/lto-wrapper] ==> ignore
    arg [-plugin-opt=-fresolution=/tmp/ccIJsu11.res] ==> ignore
    arg [-plugin-opt=-pass-through=-lgcc] ==> ignore
    arg [-plugin-opt=-pass-through=-lgcc_s] ==> ignore
    arg [-plugin-opt=-pass-through=-lc] ==> ignore
    arg [-plugin-opt=-pass-through=-lgcc] ==> ignore
    arg [-plugin-opt=-pass-through=-lgcc_s] ==> ignore
    arg [--sysroot=/] ==> ignore
    arg [--build-id] ==> ignore
    arg [--eh-frame-hdr] ==> ignore
    arg [-export-dynamic] ==> ignore
    arg [-dynamic-linker] ==> ignore
    arg [/lib/ld-linux-armhf.so.3] ==> ignore
    arg [-X] ==> ignore
    arg [--hash-style=gnu] ==> ignore
    arg [-m] ==> ignore
    arg [armelf_linux_eabi] ==> ignore
    arg [-o] ==> ignore
    arg [cmTC_07e25] ==> ignore
    arg [/usr/lib/gcc/arm-linux-gnueabihf/4.9/../../../arm-linux-gnueabihf/crt1.o] ==> ignore
    arg [/usr/lib/gcc/arm-linux-gnueabihf/4.9/../../../arm-linux-gnueabihf/crti.o] ==> ignore
    arg [/usr/lib/gcc/arm-linux-gnueabihf/4.9/crtbegin.o] ==> ignore
    arg [-L/usr/lib/gcc/arm-linux-gnueabihf/4.9] ==> dir [/usr/lib/gcc/arm-linux-gnueabihf/4.9]
    arg [-L/usr/lib/gcc/arm-linux-gnueabihf/4.9/../../../arm-linux-gnueabihf] ==> dir [/usr/lib/gcc/arm-linux-gnueabihf/4.9/../../../arm-linux-gnueabihf]
    arg [-L/usr/lib/gcc/arm-linux-gnueabihf/4.9/../../..] ==> dir [/usr/lib/gcc/arm-linux-gnueabihf/4.9/../../..]
    arg [-L/lib/arm-linux-gnueabihf] ==> dir [/lib/arm-linux-gnueabihf]
    arg [-L/usr/lib/arm-linux-gnueabihf] ==> dir [/usr/lib/arm-linux-gnueabihf]
    arg [CMakeFiles/cmTC_07e25.dir/CMakeCCompilerABI.c.o] ==> ignore
    arg [-lgcc] ==> lib [gcc]
    arg [--as-needed] ==> ignore
    arg [-lgcc_s] ==> lib [gcc_s]
    arg [--no-as-needed] ==> ignore
    arg [-lc] ==> lib [c]
    arg [-lgcc] ==> lib [gcc]
    arg [--as-needed] ==> ignore
    arg [-lgcc_s] ==> lib [gcc_s]
    arg [--no-as-needed] ==> ignore
    arg [/usr/lib/gcc/arm-linux-gnueabihf/4.9/crtend.o] ==> ignore
    arg [/usr/lib/gcc/arm-linux-gnueabihf/4.9/../../../arm-linux-gnueabihf/crtn.o] ==> ignore
  remove lib [gcc]
  remove lib [gcc_s]
  remove lib [gcc]
  remove lib [gcc_s]
  collapse library dir [/usr/lib/gcc/arm-linux-gnueabihf/4.9] ==> [/usr/lib/gcc/arm-linux-gnueabihf/4.9]
  collapse library dir [/usr/lib/gcc/arm-linux-gnueabihf/4.9/../../../arm-linux-gnueabihf] ==> [/usr/lib/arm-linux-gnueabihf]
  collapse library dir [/usr/lib/gcc/arm-linux-gnueabihf/4.9/../../..] ==> [/usr/lib]
  collapse library dir [/lib/arm-linux-gnueabihf] ==> [/lib/arm-linux-gnueabihf]
  collapse library dir [/usr/lib/arm-linux-gnueabihf] ==> [/usr/lib/arm-linux-gnueabihf]
  implicit libs: [c]
  implicit dirs: [/usr/lib/gcc/arm-linux-gnueabihf/4.9;/usr/lib/arm-linux-gnueabihf;/usr/lib;/lib/arm-linux-gnueabihf]
  implicit fwks: []




Detecting C [-std=c11] compiler features compiled with the following output:
Change Dir: /home/pi/mux_dev/gr-tssrc/build/CMakeFiles/CMakeTmp

Run Build Command:"/usr/bin/make" "cmTC_66eb8/fast"
/usr/bin/make -f CMakeFiles/cmTC_66eb8.dir/build.make CMakeFiles/cmTC_66eb8.dir/build
make[1]: Entering directory '/home/pi/mux_dev/gr-tssrc/build/CMakeFiles/CMakeTmp'
Building C object CMakeFiles/cmTC_66eb8.dir/feature_tests.c.o
/usr/bin/cc    -std=c11 -o CMakeFiles/cmTC_66eb8.dir/feature_tests.c.o   -c /home/pi/mux_dev/gr-tssrc/build/CMakeFiles/feature_tests.c
Linking C executable cmTC_66eb8
/usr/bin/cmake -E cmake_link_script CMakeFiles/cmTC_66eb8.dir/link.txt --verbose=1
/usr/bin/cc       CMakeFiles/cmTC_66eb8.dir/feature_tests.c.o  -o cmTC_66eb8 -rdynamic 
make[1]: Leaving directory '/home/pi/mux_dev/gr-tssrc/build/CMakeFiles/CMakeTmp'


    Feature record: C_FEATURE:1c_function_prototypes
    Feature record: C_FEATURE:1c_restrict
    Feature record: C_FEATURE:1c_static_assert
    Feature record: C_FEATURE:1c_variadic_macros


Detecting C [-std=c99] compiler features compiled with the following output:
Change Dir: /home/pi/mux_dev/gr-tssrc/build/CMakeFiles/CMakeTmp

Run Build Command:"/usr/bin/make" "cmTC_d6859/fast"
/usr/bin/make -f CMakeFiles/cmTC_d6859.dir/build.make CMakeFiles/cmTC_d6859.dir/build
make[1]: Entering directory '/home/pi/mux_dev/gr-tssrc/build/CMakeFiles/CMakeTmp'
Building C object CMakeFiles/cmTC_d6859.dir/feature_tests.c.o
/usr/bin/cc    -std=c99 -o CMakeFiles/cmTC_d6859.dir/feature_tests.c.o   -c /home/pi/mux_dev/gr-tssrc/build/CMakeFiles/feature_tests.c
Linking C executable cmTC_d6859
/usr/bin/cmake -E cmake_link_script CMakeFiles/cmTC_d6859.dir/link.txt --verbose=1
/usr/bin/cc       CMakeFiles/cmTC_d6859.dir/feature_tests.c.o  -o cmTC_d6859 -rdynamic 
make[1]: Leaving directory '/home/pi/mux_dev/gr-tssrc/build/CMakeFiles/CMakeTmp'


    Feature record: C_FEATURE:1c_function_prototypes
    Feature record: C_FEATURE:1c_restrict
    Feature record: C_FEATURE:0c_static_assert
    Feature record: C_FEATURE:1c_variadic_macros


Detecting C [-std=c90] compiler features compiled with the following output:
Change Dir: /home/pi/mux_dev/gr-tssrc/build/CMakeFiles/CMakeTmp

Run Build Command:"/usr/bin/make" "cmTC_9cc61/fast"
/usr/bin/make -f CMakeFiles/cmTC_9cc61.dir/build.make CMakeFiles/cmTC_9cc61.dir/build
make[1]: Entering directory '/home/pi/mux_dev/gr-tssrc/build/CMakeFiles/CMakeTmp'
Building C object CMakeFiles/cmTC_9cc61.dir/feature_tests.c.o
/usr/bin/cc    -std=c90 -o CMakeFiles/cmTC_9cc61.dir/feature_tests.c.o   -c /home/pi/mux_dev/gr-tssrc/build/CMakeFiles/feature_tests.c
Linking C executable cmTC_9cc61
/usr/bin/cmake -E cmake_link_script CMakeFiles/cmTC_9cc61.dir/link.txt --verbose=1
/usr/bin/cc       CMakeFiles/cmTC_9cc61.dir/feature_tests.c.o  -o cmTC_9cc61 -rdynamic 
make[1]: Leaving directory '/home/pi/mux_dev/gr-tssrc/build/CMakeFiles/CMakeTmp'


    Feature record: C_FEATURE:1c_function_prototypes
    Feature record: C_FEATURE:0c_restrict
    Feature record: C_FEATURE:0c_static_assert
    Feature record: C_FEATURE:0c_variadic_macros
Determining if the include file sys/types.h exists passed with the following output:
Change Dir: /home/pi/mux_dev/gr-tssrc/build/CMakeFiles/CMakeTmp

Run Build Command:"/usr/bin/make" "cmTC_04ef6/fast"
/usr/bin/make -f CMakeFiles/cmTC_04ef6.dir/build.make CMakeFiles/cmTC_04ef6.dir/build
make[1]: Entering directory '/home/pi/mux_dev/gr-tssrc/build/CMakeFiles/CMakeTmp'
Building C object CMakeFiles/cmTC_04ef6.dir/CheckIncludeFile.c.o
/usr/bin/cc     -o CMakeFiles/cmTC_04ef6.dir/CheckIncludeFile.c.o   -c /home/pi/mux_dev/gr-tssrc/build/CMakeFiles/CMakeTmp/CheckIncludeFile.c
Linking C executable cmTC_04ef6
/usr/bin/cmake -E cmake_link_script CMakeFiles/cmTC_04ef6.dir/link.txt --verbose=1
/usr/bin/cc       CMakeFiles/cmTC_04ef6.dir/CheckIncludeFile.c.o  -o cmTC_04ef6 -rdynamic 
make[1]: Leaving directory '/home/pi/mux_dev/gr-tssrc/build/CMakeFiles/CMakeTmp'


Determining if the include file stdint.h exists passed with the following output:
Change Dir: /home/pi/mux_dev/gr-tssrc/build/CMakeFiles/CMakeTmp

Run Build Command:"/usr/bin/make" "cmTC_68752/fast"
/usr/bin/make -f CMakeFiles/cmTC_68752.dir/build.make CMakeFiles/cmTC_68752.dir/build
make[1]: Entering directory '/home/pi/mux_dev/gr-tssrc/build/CMakeFiles/CMakeTmp'
Building C object CMakeFiles/cmTC_68752.dir/CheckIncludeFile.c.o
/usr/bin/cc     -o CMakeFiles/cmTC_68752.dir/CheckIncludeFile.c.o   -c /home/pi/mux_dev/gr-tssrc/build/CMakeFiles/CMakeTmp/CheckIncludeFile.c
Linking C executable cmTC_68752
/usr/bin/cmake -E cmake_link_script CMakeFiles/cmTC_68752.dir/link.txt --verbose=1
/usr/bin/cc       CMakeFiles/cmTC_68752.dir/CheckIncludeFile.c.o  -o cmTC_68752 -rdynamic 
make[1]: Leaving directory '/home/pi/mux_dev/gr-tssrc/build/CMakeFiles/CMakeTmp'


Determining if the include file stddef.h exists passed with the following output:
Change Dir: /home/pi/mux_dev/gr-tssrc/build/CMakeFiles/CMakeTmp

Run Build Command:"/usr/bin/make" "cmTC_45a7f/fast"
/usr/bin/make -f CMakeFiles/cmTC_45a7f.dir/build.make CMakeFiles/cmTC_45a7f.dir/build
make[1]: Entering directory '/home/pi/mux_dev/gr-tssrc/build/CMakeFiles/CMakeTmp'
Building C object CMakeFiles/cmTC_45a7f.dir/CheckIncludeFile.c.o
/usr/bin/cc     -o CMakeFiles/cmTC_45a7f.dir/CheckIncludeFile.c.o   -c /home/pi/mux_dev/gr-tssrc/build/CMakeFiles/CMakeTmp/CheckIncludeFile.c
Linking C executable cmTC_45a7f
/usr/bin/cmake -E cmake_link_script CMakeFiles/cmTC_45a7f.dir/link.txt --verbose=1
/usr/bin/cc       CMakeFiles/cmTC_45a7f.dir/CheckIncludeFile.c.o  -o cmTC_45a7f -rdynamic 
make[1]: Leaving directory '/home/pi/mux_dev/gr-tssrc/build/CMakeFiles/CMakeTmp'


Determining size of size_t passed with the following output:
Change Dir: /home/pi/mux_dev/gr-tssrc/build/CMakeFiles/CMakeTmp

Run Build Command:"/usr/bin/make" "cmTC_a545f/fast"
/usr/bin/make -f CMakeFiles/cmTC_a545f.dir/build.make CMakeFiles/cmTC_a545f.dir/build
make[1]: Entering directory '/home/pi/mux_dev/gr-tssrc/build/CMakeFiles/CMakeTmp'
Building C object CMakeFiles/cmTC_a545f.dir/SIZEOF_SIZE_T.c.o
/usr/bin/cc     -o CMakeFiles/cmTC_a545f.dir/SIZEOF_SIZE_T.c.o   -c /home/pi/mux_dev/gr-tssrc/build/CMakeFiles/CheckTypeSize/SIZEOF_SIZE_T.c
Linking C executable cmTC_a545f
/usr/bin/cmake -E cmake_link_script CMakeFiles/cmTC_a545f.dir/link.txt --verbose=1
/usr/bin/cc       CMakeFiles/cmTC_a545f.dir/SIZEOF_SIZE_T.c.o  -o cmTC_a545f -rdynamic 
make[1]: Leaving directory '/home/pi/mux_dev/gr-tssrc/build/CMakeFiles/CMakeTmp'


Determining size of unsigned int passed with the following output:
Change Dir: /home/pi/mux_dev/gr-tssrc/build/CMakeFiles/CMakeTmp

Run Build Command:"/usr/bin/make" "cmTC_f55cf/fast"
/usr/bin/make -f CMakeFiles/cmTC_f55cf.dir/build.make CMakeFiles/cmTC_f55cf.dir/build
make[1]: Entering directory '/home/pi/mux_dev/gr-tssrc/build/CMakeFiles/CMakeTmp'
Building C object CMakeFiles/cmTC_f55cf.dir/SIZEOF_UINT.c.o
/usr/bin/cc     -o CMakeFiles/cmTC_f55cf.dir/SIZEOF_UINT.c.o   -c /home/pi/mux_dev/gr-tssrc/build/CMakeFiles/CheckTypeSize/SIZEOF_UINT.c
Linking C executable cmTC_f55cf
/usr/bin/cmake -E cmake_link_script CMakeFiles/cmTC_f55cf.dir/link.txt --verbose=1
/usr/bin/cc       CMakeFiles/cmTC_f55cf.dir/SIZEOF_UINT.c.o  -o cmTC_f55cf -rdynamic 
make[1]: Leaving directory '/home/pi/mux_dev/gr-tssrc/build/CMakeFiles/CMakeTmp'


Performing C++ SOURCE FILE Test HAVE_WNO_UNUSED_BUT_SET_VARIABLE succeeded with the following output:
Change Dir: /home/pi/mux_dev/gr-tssrc/build/CMakeFiles/CMakeTmp

Run Build Command:"/usr/bin/make" "cmTC_58a43/fast"
/usr/bin/make -f CMakeFiles/cmTC_58a43.dir/build.make CMakeFiles/cmTC_58a43.dir/build
make[1]: Entering directory '/home/pi/mux_dev/gr-tssrc/build/CMakeFiles/CMakeTmp'
Building CXX object CMakeFiles/cmTC_58a43.dir/src.cxx.o
/usr/bin/c++     -DHAVE_WNO_UNUSED_BUT_SET_VARIABLE   -Wno-unused-but-set-variable -o CMakeFiles/cmTC_58a43.dir/src.cxx.o -c /home/pi/mux_dev/gr-tssrc/build/CMakeFiles/CMakeTmp/src.cxx
Linking CXX executable cmTC_58a43
/usr/bin/cmake -E cmake_link_script CMakeFiles/cmTC_58a43.dir/link.txt --verbose=1
/usr/bin/c++    -DHAVE_WNO_UNUSED_BUT_SET_VARIABLE    CMakeFiles/cmTC_58a43.dir/src.cxx.o  -o cmTC_58a43 -rdynamic 
make[1]: Leaving directory '/home/pi/mux_dev/gr-tssrc/build/CMakeFiles/CMakeTmp'

Source file was:
int main() { return 0; }
